G:\Works\TalkMEDAndroid-Company\talkmed_anewincore\native\ANEQcloudLiveVS2010\Release\ANEWinCore.dll.intermediate.manifest
G:\Works\TalkMEDAndroid-Company\talkmed_anewincore\native\ANEQcloudLiveVS2010\Release\ANEWinCore.obj
G:\Works\TalkMEDAndroid-Company\talkmed_anewincore\native\ANEQcloudLiveVS2010\Release\ANEWinCore.write.1.tlog
G:\Works\TalkMEDAndroid-Company\talkmed_anewincore\native\ANEQcloudLiveVS2010\Release\cl.command.1.tlog
G:\Works\TalkMEDAndroid-Company\talkmed_anewincore\native\ANEQcloudLiveVS2010\Release\CL.read.1.tlog
G:\Works\TalkMEDAndroid-Company\talkmed_anewincore\native\ANEQcloudLiveVS2010\Release\CL.write.1.tlog
G:\Works\TalkMEDAndroid-Company\talkmed_anewincore\native\ANEQcloudLiveVS2010\Release\link.command.1.tlog
G:\Works\TalkMEDAndroid-Company\talkmed_anewincore\native\ANEQcloudLiveVS2010\Release\link.read.1.tlog
G:\Works\TalkMEDAndroid-Company\talkmed_anewincore\native\ANEQcloudLiveVS2010\Release\link.write.1.tlog
G:\Works\TalkMEDAndroid-Company\talkmed_anewincore\native\ANEQcloudLiveVS2010\Release\MiniDump.obj
G:\Works\TalkMEDAndroid-Company\talkmed_anewincore\native\ANEQcloudLiveVS2010\Release\mt.command.1.tlog
G:\Works\TalkMEDAndroid-Company\talkmed_anewincore\native\ANEQcloudLiveVS2010\Release\mt.read.1.tlog
G:\Works\TalkMEDAndroid-Company\talkmed_anewincore\native\ANEQcloudLiveVS2010\Release\mt.write.1.tlog
G:\Works\TalkMEDAndroid-Company\talkmed_anewincore\native\ANEQcloudLiveVS2010\Release\vc100.pdb
G:\Works\TalkMEDAndroid-Company\talkmed_anewincore\native\Release\ANEWinCore.dll
G:\Works\TalkMEDAndroid-Company\talkmed_anewincore\native\Release\ANEWinCore.pdb
I:\WORKS\EDOCTOR\ANEWINCORE\NATIVE\ANEQCLOUDLIVEVS2010\RELEASE\ANEWINCORE.DLL.INTERMEDIATE.MANIFEST
I:\WORKS\EDOCTOR\ANEWINCORE\NATIVE\ANEQCLOUDLIVEVS2010\RELEASE\ANEWINCORE.OBJ
I:\WORKS\EDOCTOR\ANEWINCORE\NATIVE\ANEQCLOUDLIVEVS2010\RELEASE\MINIDUMP.OBJ
I:\WORKS\EDOCTOR\ANEWINCORE\NATIVE\ANEQCLOUDLIVEVS2010\RELEASE\VC100.PDB
I:\WORKS\EDOCTOR\ANEWINCORE\NATIVE\RELEASE\ANEWINCORE.DLL
I:\Works\eDoctor\ANEWinCore\native\Release\ANEWinCore.exp
I:\Works\eDoctor\ANEWinCore\native\Release\ANEWinCore.lib
I:\WORKS\EDOCTOR\ANEWINCORE\NATIVE\RELEASE\ANEWINCORE.PDB
