d:\works\works\talkmedandroid-company\anewincore\native\x64\release\anewincore.lib
d:\works\works\talkmedandroid-company\anewincore\native\x64\release\anewincore.exp
d:\works\works\talkmedandroid-company\anewincore\native\aneqcloudlivevs2010\x64\release\vc140.pdb
d:\works\works\talkmedandroid-company\anewincore\native\aneqcloudlivevs2010\x64\release\mp4file.obj
d:\works\works\talkmedandroid-company\anewincore\native\aneqcloudlivevs2010\x64\release\minidump.obj
d:\works\works\talkmedandroid-company\anewincore\native\aneqcloudlivevs2010\x64\release\fontloader.obj
d:\works\works\talkmedandroid-company\anewincore\native\aneqcloudlivevs2010\x64\release\d3dstage.obj
d:\works\works\talkmedandroid-company\anewincore\native\aneqcloudlivevs2010\x64\release\customurlprotocolapp.obj
d:\works\works\talkmedandroid-company\anewincore\native\aneqcloudlivevs2010\x64\release\crash-report.obj
d:\works\works\talkmedandroid-company\anewincore\native\aneqcloudlivevs2010\x64\release\anewincore.obj
d:\works\works\talkmedandroid-company\anewincore\native\x64\release\anewincore.dll
d:\works\works\talkmedandroid-company\anewincore\native\x64\release\anewincore.ipdb
d:\works\works\talkmedandroid-company\anewincore\native\x64\release\anewincore.iobj
d:\works\works\talkmedandroid-company\anewincore\native\x64\release\anewincore.pdb
d:\works\works\talkmedandroid-company\anewincore\native\aneqcloudlivevs2010\x64\release\anewincore.tlog\anewincore.write.1u.tlog
d:\works\works\talkmedandroid-company\anewincore\native\aneqcloudlivevs2010\x64\release\anewincore.tlog\cl.command.1.tlog
d:\works\works\talkmedandroid-company\anewincore\native\aneqcloudlivevs2010\x64\release\anewincore.tlog\cl.read.1.tlog
d:\works\works\talkmedandroid-company\anewincore\native\aneqcloudlivevs2010\x64\release\anewincore.tlog\cl.write.1.tlog
d:\works\works\talkmedandroid-company\anewincore\native\aneqcloudlivevs2010\x64\release\anewincore.tlog\link.command.1.tlog
d:\works\works\talkmedandroid-company\anewincore\native\aneqcloudlivevs2010\x64\release\anewincore.tlog\link.read.1.tlog
d:\works\works\talkmedandroid-company\anewincore\native\aneqcloudlivevs2010\x64\release\anewincore.tlog\link.write.1.tlog
